#
# There is insufficient memory for the Java Runtime Environment to continue.
# Native memory allocation (malloc) failed to allocate 1738096 bytes for Chunk::new
# Possible reasons:
#   The system is out of physical RAM or swap space
#   In 32 bit mode, the process size limit was hit
# Possible solutions:
#   Reduce memory load on the system
#   Increase physical memory or swap space
#   Check if swap backing store is full
#   Use 64 bit Java on a 64 bit OS
#   Decrease Java heap size (-Xmx/-Xms)
#   Decrease number of Java threads
#   Decrease Java thread stack sizes (-Xss)
#   Set larger code cache with -XX:ReservedCodeCacheSize=
# This output file may be truncated or incomplete.
#
#  Out of Memory Error (allocation.cpp:390), pid=30928, tid=0x0000000000007428
#
# JRE version: Java(TM) SE Runtime Environment (8.0_171-b11) (build 1.8.0_171-b11)
# Java VM: Java HotSpot(TM) 64-Bit Server VM (25.171-b11 mixed mode windows-amd64 compressed oops)
# Failed to write core dump. Minidumps are not enabled by default on client versions of Windows
#

---------------  T H R E A D  ---------------

Current thread (0x000000001a9f8800):  JavaThread "C2 CompilerThread0" daemon [_thread_in_native, id=29736, stack(0x000000001b2b0000,0x000000001b3b0000)]

Stack: [0x000000001b2b0000,0x000000001b3b0000]
[error occurred during error reporting (printing stack bounds), id 0xc0000005]

Native frames: (J=compiled Java code, j=interpreted, Vv=VM code, C=native code)


Current CompileTask:
C2:  35983 5496   !   4       org.springframework.aop.aspectj.AspectJExpressionPointcut::getTargetShadowMatch (70 bytes)


---------------  P R O C E S S  ---------------

Java Threads: ( => current thread )
  0x000000001aa6f800 JavaThread "localhost-startStop-1" daemon [_thread_in_vm, id=35972, stack(0x00000000251b0000,0x00000000252b0000)]
  0x0000000026a9a800 JavaThread "Tomcat-startStop-1" daemon [_thread_blocked, id=4100, stack(0x00000000252e0000,0x00000000253e0000)]
  0x00000000217a3000 JavaThread "Abandoned connection cleanup thread" daemon [_thread_blocked, id=33920, stack(0x0000000000490000,0x0000000000590000)]
  0x000000001c7d7800 JavaThread "restartedMain" [_thread_blocked, id=37184, stack(0x000000001d0e0000,0x000000001d1e0000)]
  0x000000001c9dc000 JavaThread "Thread-0" [_thread_blocked, id=29636, stack(0x000000001cfe0000,0x000000001d0e0000)]
  0x000000001964d800 JavaThread "Service Thread" daemon [_thread_blocked, id=34536, stack(0x000000001b5b0000,0x000000001b6b0000)]
  0x000000001964b800 JavaThread "C1 CompilerThread2" daemon [_thread_blocked, id=27076, stack(0x000000001b4b0000,0x000000001b5b0000)]
  0x000000001964b000 JavaThread "C2 CompilerThread1" daemon [_thread_in_native, id=35800, stack(0x000000001b3b0000,0x000000001b4b0000)]
=>0x000000001a9f8800 JavaThread "C2 CompilerThread0" daemon [_thread_in_native, id=29736, stack(0x000000001b2b0000,0x000000001b3b0000)]
  0x0000000019639800 JavaThread "JDWP Command Reader" daemon [_thread_in_native, id=36168, stack(0x000000001b1b0000,0x000000001b2b0000)]
  0x0000000019636000 JavaThread "JDWP Event Helper Thread" daemon [_thread_blocked, id=35380, stack(0x000000001b0b0000,0x000000001b1b0000)]
  0x0000000019633800 JavaThread "JDWP Transport Listener: dt_socket" daemon [_thread_blocked, id=26788, stack(0x000000001afb0000,0x000000001b0b0000)]
  0x000000001961e800 JavaThread "Attach Listener" daemon [_thread_blocked, id=33960, stack(0x000000001aeb0000,0x000000001afb0000)]
  0x000000001a9f3800 JavaThread "Signal Dispatcher" daemon [_thread_blocked, id=17108, stack(0x000000001adb0000,0x000000001aeb0000)]
  0x00000000195e1800 JavaThread "Finalizer" daemon [_thread_blocked, id=34980, stack(0x000000001a850000,0x000000001a950000)]
  0x00000000024eb000 JavaThread "Reference Handler" daemon [_thread_blocked, id=36208, stack(0x000000001a750000,0x000000001a850000)]
  0x00000000023fb800 JavaThread "main" [_thread_blocked, id=35564, stack(0x00000000022f0000,0x00000000023f0000)]

Other Threads:
  0x00000000195b7800 VMThread [stack: 0x000000001a650000,0x000000001a750000] [id=36540]
  0x000000001aabf800 WatcherThread [stack: 0x000000001b6b0000,0x000000001b7b0000] [id=35204]

VM state:not at safepoint (normal execution)

VM Mutex/Monitor currently owned by a thread:  ([mutex/lock_event])
[0x00000000023f9040] SystemDictionary_lock - owner thread: 0x000000001aa6f800

Heap:
 PSYoungGen      total 282624K, used 112428K [0x0000000780700000, 0x0000000792b00000, 0x00000007c0000000)
  eden space 266240K, 39% used [0x0000000780700000,0x0000000786cef920,0x0000000790b00000)
  from space 16384K, 49% used [0x0000000791b00000,0x00000007922db7e8,0x0000000792b00000)
  to   space 16384K, 0% used [0x0000000790b00000,0x0000000790b00000,0x0000000791b00000)
 ParOldGen       total 124416K, used 19222K [0x0000000701400000, 0x0000000708d80000, 0x0000000780700000)
  object space 124416K, 15% used [0x0000000701400000,0x00000007026c5890,0x0000000708d80000)
 Metaspace       used 43036K, capacity 44668K, committed 44760K, reserved 1087488K
  class space    used 5453K, capacity 5770K, committed 5848K, reserved 1048576K

Card table byte_map: [0x00000000118b0000,0x0000000011eb0000] byte_map_base: 0x000000000e0a6000

Marking Bits: (ParMarkBitMap*) 0x0000000073f208c0
 Begin Bits: [0x00000000126b0000, 0x0000000015660000)
 End Bits:   [0x0000000015660000, 0x0000000018610000)

Polling page: 0x0000000001e20000

CodeCache: size=245760Kb used=19322Kb max_used=21067Kb free=226437Kb
 bounds [0x00000000024f0000, 0x00000000039a0000, 0x00000000114f0000]
 total_blobs=5077 nmethods=4659 adapters=337
 compilation: enabled

Compilation events (10 events):
Event: 35.745 Thread 0x000000001964b800 5515       3       java.lang.reflect.Proxy$KeyX::<init> (55 bytes)
Event: 35.746 Thread 0x000000001964b800 nmethod 5515 0x000000000276c310 code [0x000000000276c4c0, 0x000000000276cbc8]
Event: 35.751 Thread 0x000000001964b800 5518       3       org.aspectj.internal.lang.reflect.AjTypeImpl::<init> (60 bytes)
Event: 35.751 Thread 0x000000001964b800 nmethod 5518 0x00000000027dd510 code [0x00000000027dd660, 0x00000000027dd8f0]
Event: 35.765 Thread 0x000000001964b800 5521       3       org.aspectj.weaver.TypeVariable::setAdditionalInterfaceBounds (11 bytes)
Event: 35.765 Thread 0x000000001964b800 nmethod 5521 0x0000000003658150 code [0x00000000036582a0, 0x0000000003658430]
Event: 35.926 Thread 0x000000001964b800 5523       2       org.aspectj.internal.lang.reflect.AjTypeImpl::getDeclaredConstructors (8 bytes)
Event: 35.927 Thread 0x000000001964b800 nmethod 5523 0x0000000002998ed0 code [0x0000000002999060, 0x0000000002999238]
Event: 35.930 Thread 0x000000001964b800 5524       1       org.apache.catalina.LifecycleState::isAvailable (5 bytes)
Event: 35.930 Thread 0x000000001964b800 nmethod 5524 0x0000000002a00a10 code [0x0000000002a00b60, 0x0000000002a00c70]

GC Heap History (10 events):
Event: 20.339 GC heap before
{Heap before GC invocations=8 (full 1):
 PSYoungGen      total 149504K, used 149428K [0x0000000780700000, 0x000000078a680000, 0x00000007c0000000)
  eden space 140800K, 100% used [0x0000000780700000,0x0000000789080000,0x0000000789080000)
  from space 8704K, 99% used [0x0000000789e00000,0x000000078a66d030,0x000000078a680000)
  to   space 10240K, 0% used [0x0000000789280000,0x0000000789280000,0x0000000789c80000)
 ParOldGen       total 79872K, used 6492K [0x0000000701400000, 0x0000000706200000, 0x0000000780700000)
  object space 79872K, 8% used [0x0000000701400000,0x0000000701a570b8,0x0000000706200000)
 Metaspace       used 29406K, capacity 30622K, committed 30720K, reserved 1075200K
  class space    used 3769K, capacity 4017K, committed 4096K, reserved 1048576K
Event: 20.375 GC heap after
Heap after GC invocations=8 (full 1):
 PSYoungGen      total 153088K, used 10230K [0x0000000780700000, 0x000000078e480000, 0x00000007c0000000)
  eden space 142848K, 0% used [0x0000000780700000,0x0000000780700000,0x0000000789280000)
  from space 10240K, 99% used [0x0000000789280000,0x0000000789c7db40,0x0000000789c80000)
  to   space 12288K, 0% used [0x000000078d880000,0x000000078d880000,0x000000078e480000)
 ParOldGen       total 79872K, used 9334K [0x0000000701400000, 0x0000000706200000, 0x0000000780700000)
  object space 79872K, 11% used [0x0000000701400000,0x0000000701d1dba0,0x0000000706200000)
 Metaspace       used 29406K, capacity 30622K, committed 30720K, reserved 1075200K
  class space    used 3769K, capacity 4017K, committed 4096K, reserved 1048576K
}
Event: 27.055 GC heap before
{Heap before GC invocations=9 (full 1):
 PSYoungGen      total 153088K, used 153078K [0x0000000780700000, 0x000000078e480000, 0x00000007c0000000)
  eden space 142848K, 100% used [0x0000000780700000,0x0000000789280000,0x0000000789280000)
  from space 10240K, 99% used [0x0000000789280000,0x0000000789c7db40,0x0000000789c80000)
  to   space 12288K, 0% used [0x000000078d880000,0x000000078d880000,0x000000078e480000)
 ParOldGen       total 79872K, used 9334K [0x0000000701400000, 0x0000000706200000, 0x0000000780700000)
  object space 79872K, 11% used [0x0000000701400000,0x0000000701d1dba0,0x0000000706200000)
 Metaspace       used 32520K, capacity 33708K, committed 34048K, reserved 1079296K
  class space    used 4232K, capacity 4484K, committed 4608K, reserved 1048576K
Event: 27.164 GC heap after
Heap after GC invocations=9 (full 1):
 PSYoungGen      total 211456K, used 12256K [0x0000000780700000, 0x000000078f580000, 0x00000007c0000000)
  eden space 199168K, 0% used [0x0000000780700000,0x0000000780700000,0x000000078c980000)
  from space 12288K, 99% used [0x000000078d880000,0x000000078e478020,0x000000078e480000)
  to   space 15360K, 0% used [0x000000078c980000,0x000000078c980000,0x000000078d880000)
 ParOldGen       total 79872K, used 13035K [0x0000000701400000, 0x0000000706200000, 0x0000000780700000)
  object space 79872K, 16% used [0x0000000701400000,0x00000007020baf18,0x0000000706200000)
 Metaspace       used 32520K, capacity 33708K, committed 34048K, reserved 1079296K
  class space    used 4232K, capacity 4484K, committed 4608K, reserved 1048576K
}
Event: 28.238 GC heap before
{Heap before GC invocations=10 (full 1):
 PSYoungGen      total 211456K, used 58287K [0x0000000780700000, 0x000000078f580000, 0x00000007c0000000)
  eden space 199168K, 23% used [0x0000000780700000,0x00000007833f3c50,0x000000078c980000)
  from space 12288K, 99% used [0x000000078d880000,0x000000078e478020,0x000000078e480000)
  to   space 15360K, 0% used [0x000000078c980000,0x000000078c980000,0x000000078d880000)
 ParOldGen       total 79872K, used 13035K [0x0000000701400000, 0x0000000706200000, 0x0000000780700000)
  object space 79872K, 16% used [0x0000000701400000,0x00000007020baf18,0x0000000706200000)
 Metaspace       used 34029K, capacity 35260K, committed 35416K, reserved 1079296K
  class space    used 4363K, capacity 4614K, committed 4696K, reserved 1048576K
Event: 28.263 GC heap after
Heap after GC invocations=10 (full 1):
 PSYoungGen      total 214528K, used 13824K [0x0000000780700000, 0x0000000792b00000, 0x00000007c0000000)
  eden space 199168K, 0% used [0x0000000780700000,0x0000000780700000,0x000000078c980000)
  from space 15360K, 90% used [0x000000078c980000,0x000000078d700020,0x000000078d880000)
  to   space 16384K, 0% used [0x0000000791b00000,0x0000000791b00000,0x0000000792b00000)
 ParOldGen       total 79872K, used 13043K [0x0000000701400000, 0x0000000706200000, 0x0000000780700000)
  object space 79872K, 16% used [0x0000000701400000,0x00000007020bcf18,0x0000000706200000)
 Metaspace       used 34029K, capacity 35260K, committed 35416K, reserved 1079296K
  class space    used 4363K, capacity 4614K, committed 4696K, reserved 1048576K
}
Event: 28.263 GC heap before
{Heap before GC invocations=11 (full 2):
 PSYoungGen      total 214528K, used 13824K [0x0000000780700000, 0x0000000792b00000, 0x00000007c0000000)
  eden space 199168K, 0% used [0x0000000780700000,0x0000000780700000,0x000000078c980000)
  from space 15360K, 90% used [0x000000078c980000,0x000000078d700020,0x000000078d880000)
  to   space 16384K, 0% used [0x0000000791b00000,0x0000000791b00000,0x0000000792b00000)
 ParOldGen       total 79872K, used 13043K [0x0000000701400000, 0x0000000706200000, 0x0000000780700000)
  object space 79872K, 16% used [0x0000000701400000,0x00000007020bcf18,0x0000000706200000)
 Metaspace       used 34029K, capacity 35260K, committed 35416K, reserved 1079296K
  class space    used 4363K, capacity 4614K, committed 4696K, reserved 1048576K
Event: 28.416 GC heap after
Heap after GC invocations=11 (full 2):
 PSYoungGen      total 214528K, used 0K [0x0000000780700000, 0x0000000792b00000, 0x00000007c0000000)
  eden space 199168K, 0% used [0x0000000780700000,0x0000000780700000,0x000000078c980000)
  from space 15360K, 0% used [0x000000078c980000,0x000000078c980000,0x000000078d880000)
  to   space 16384K, 0% used [0x0000000791b00000,0x0000000791b00000,0x0000000792b00000)
 ParOldGen       total 124416K, used 19214K [0x0000000701400000, 0x0000000708d80000, 0x0000000780700000)
  object space 124416K, 15% used [0x0000000701400000,0x00000007026c3890,0x0000000708d80000)
 Metaspace       used 34029K, capacity 35260K, committed 35416K, reserved 1079296K
  class space    used 4363K, capacity 4614K, committed 4696K, reserved 1048576K
}
Event: 33.011 GC heap before
{Heap before GC invocations=12 (full 2):
 PSYoungGen      total 214528K, used 199168K [0x0000000780700000, 0x0000000792b00000, 0x00000007c0000000)
  eden space 199168K, 100% used [0x0000000780700000,0x000000078c980000,0x000000078c980000)
  from space 15360K, 0% used [0x000000078c980000,0x000000078c980000,0x000000078d880000)
  to   space 16384K, 0% used [0x0000000791b00000,0x0000000791b00000,0x0000000792b00000)
 ParOldGen       total 124416K, used 19214K [0x0000000701400000, 0x0000000708d80000, 0x0000000780700000)
  object space 124416K, 15% used [0x0000000701400000,0x00000007026c3890,0x0000000708d80000)
 Metaspace       used 39041K, capacity 40624K, committed 40664K, reserved 1085440K
  class space    used 4991K, capacity 5306K, committed 5336K, reserved 1048576K
Event: 33.031 GC heap after
Heap after GC invocations=12 (full 2):
 PSYoungGen      total 282624K, used 8045K [0x0000000780700000, 0x0000000792b00000, 0x00000007c0000000)
  eden space 266240K, 0% used [0x0000000780700000,0x0000000780700000,0x0000000790b00000)
  from space 16384K, 49% used [0x0000000791b00000,0x00000007922db7e8,0x0000000792b00000)
  to   space 16384K, 0% used [0x0000000790b00000,0x0000000790b00000,0x0000000791b00000)
 ParOldGen       total 124416K, used 19222K [0x0000000701400000, 0x0000000708d80000, 0x0000000780700000)
  object space 124416K, 15% used [0x0000000701400000,0x00000007026c5890,0x0000000708d80000)
 Metaspace       used 39041K, capacity 40624K, committed 40664K, reserved 1085440K
  class space    used 4991K, capacity 5306K, committed 5336K, reserved 1048576K
}

Deoptimization events (10 events):
Event: 34.530 Thread 0x000000001aa6f800 Uncommon trap: reason=class_check action=maybe_recompile pc=0x0000000002b61ad0 method=java.util.zip.InflaterInputStream.read([BII)I @ 100
Event: 34.530 Thread 0x000000001aa6f800 Uncommon trap: reason=class_check action=maybe_recompile pc=0x0000000002b61ad0 method=java.util.zip.InflaterInputStream.read([BII)I @ 100
Event: 34.530 Thread 0x000000001aa6f800 Uncommon trap: reason=class_check action=maybe_recompile pc=0x0000000002b61ad0 method=java.util.zip.InflaterInputStream.read([BII)I @ 100
Event: 34.531 Thread 0x000000001aa6f800 Uncommon trap: reason=class_check action=maybe_recompile pc=0x0000000002b61ad0 method=java.util.zip.InflaterInputStream.read([BII)I @ 100
Event: 35.110 Thread 0x000000001aa6f800 Uncommon trap: reason=unstable_if action=reinterpret pc=0x00000000028ed704 method=java.lang.String.lastIndexOf([CII[CIII)I @ 118
Event: 35.247 Thread 0x000000001aa6f800 Uncommon trap: reason=unstable_if action=reinterpret pc=0x00000000032d43ec method=java.util.AbstractSet.equals(Ljava/lang/Object;)Z @ 31
Event: 35.249 Thread 0x000000001aa6f800 Uncommon trap: reason=unstable_if action=reinterpret pc=0x0000000003227d94 method=java.util.WeakHashMap.put(Ljava/lang/Object;Ljava/lang/Object;)Ljava/lang/Object; @ 47
Event: 35.530 Thread 0x000000001aa6f800 Uncommon trap: reason=unstable_if action=reinterpret pc=0x0000000003814868 method=org.aspectj.weaver.World.resolve(Lorg/aspectj/weaver/UnresolvedType;Z)Lorg/aspectj/weaver/ResolvedType; @ 32
Event: 35.593 Thread 0x000000001aa6f800 Uncommon trap: reason=unstable_if action=reinterpret pc=0x000000000388f88c method=java.lang.Class.getEnclosingMethodInfo()Ljava/lang/Class$EnclosingMethodInfo; @ 6
Event: 35.594 Thread 0x000000001aa6f800 Uncommon trap: reason=unstable_if action=reinterpret pc=0x00000000038a0e04 method=org.aspectj.weaver.patterns.WildTypePattern.innerMatchesExactly(Ljava/lang/String;ZZ)Z @ 138

Classes redefined (0 events):
No events

Internal exceptions (10 events):
Event: 35.772 Thread 0x000000001aa6f800 Exception <a 'java/lang/ClassNotFoundException': java/lang/ObjectCustomizer> (0x0000000786877d78) thrown at [C:\re\workspace\8-2-build-windows-amd64-cygwin\jdk8u171\10807\hotspot\src\share\vm\classfile\systemDictionary.cpp, line 210]
Event: 35.774 Thread 0x000000001aa6f800 Exception <a 'java/lang/ClassNotFoundException': org/springframework/boot/actuate/autoconfigure/metrics/MetricsAutoConfiguration$MeterBindersConfigurationCustomizer> (0x00000007868ce890) thrown at [C:\re\workspace\8-2-build-windows-amd64-cygwin\jdk8u171\1
Event: 35.779 Thread 0x000000001aa6f800 Exception <a 'java/lang/ClassNotFoundException': org/springframework/boot/actuate/autoconfigure/metrics/MetricsAutoConfiguration$MeterBindersConfiguration$$EnhancerBySpringCGLIB$$606b6e14Customizer> (0x0000000786939408) thrown at [C:\re\workspace\8-2-buil
Event: 35.781 Thread 0x000000001aa6f800 Exception <a 'java/lang/ClassNotFoundException': org/springframework/context/annotation/ConfigurationClassEnhancer$EnhancedConfigurationCustomizer> (0x000000078698c8a8) thrown at [C:\re\workspace\8-2-build-windows-amd64-cygwin\jdk8u171\10807\hotspot\src\s
Event: 35.793 Thread 0x000000001aa6f800 Exception <a 'java/lang/ClassNotFoundException': java/lang/ObjectCustomizer> (0x0000000786a7d920) thrown at [C:\re\workspace\8-2-build-windows-amd64-cygwin\jdk8u171\10807\hotspot\src\share\vm\classfile\systemDictionary.cpp, line 210]
Event: 35.906 Thread 0x000000001aa6f800 Exception <a 'java/lang/ClassNotFoundException': io/micrometer/core/instrument/binder/logging/LogbackMetricsCustomizer> (0x0000000786ab9cf8) thrown at [C:\re\workspace\8-2-build-windows-amd64-cygwin\jdk8u171\10807\hotspot\src\share\vm\classfile\systemDict
Event: 35.915 Thread 0x000000001aa6f800 Exception <a 'java/lang/ClassNotFoundException': io/micrometer/core/instrument/binder/MeterBinderCustomizer> (0x0000000786aedfd0) thrown at [C:\re\workspace\8-2-build-windows-amd64-cygwin\jdk8u171\10807\hotspot\src\share\vm\classfile\systemDictionary.cpp,
Event: 35.930 Thread 0x000000001aa6f800 Exception <a 'java/lang/ClassNotFoundException': java/lang/ObjectCustomizer> (0x0000000786b40e28) thrown at [C:\re\workspace\8-2-build-windows-amd64-cygwin\jdk8u171\10807\hotspot\src\share\vm\classfile\systemDictionary.cpp, line 210]
Event: 35.933 Thread 0x000000001aa6f800 Exception <a 'java/lang/ClassNotFoundException': io/micrometer/core/instrument/binder/system/UptimeMetricsCustomizer> (0x0000000786b7c438) thrown at [C:\re\workspace\8-2-build-windows-amd64-cygwin\jdk8u171\10807\hotspot\src\share\vm\classfile\systemDictio
Event: 35.935 Thread 0x000000001aa6f800 Exception <a 'java/lang/ClassNotFoundException': io/micrometer/core/instrument/binder/MeterBinderCustomizer> (0x0000000786baf380) thrown at [C:\re\workspace\8-2-build-windows-amd64-cygwin\jdk8u171\10807\hotspot\src\share\vm\classfile\systemDictionary.cpp,

Events (10 events):
Event: 35.935 Thread 0x000000001aa6f800 DEOPT PACKING pc=0x0000000002c9949c sp=0x00000000252ac6e0
Event: 35.935 Thread 0x000000001aa6f800 DEOPT UNPACKING pc=0x0000000002537890 sp=0x00000000252ac438 mode 1
Event: 35.937 Thread 0x000000001aa6f800 DEOPT PACKING pc=0x0000000002c086ec sp=0x00000000252acb20
Event: 35.937 Thread 0x000000001aa6f800 DEOPT UNPACKING pc=0x0000000002537890 sp=0x00000000252ac8c0 mode 1
Event: 35.937 Thread 0x000000001aa6f800 DEOPT PACKING pc=0x000000000363fa04 sp=0x00000000252acbf0
Event: 35.937 Thread 0x000000001aa6f800 DEOPT UNPACKING pc=0x0000000002537890 sp=0x00000000252ac978 mode 1
Event: 35.937 Thread 0x000000001aa6f800 DEOPT PACKING pc=0x0000000002c086ec sp=0x00000000252acb20
Event: 35.937 Thread 0x000000001aa6f800 DEOPT UNPACKING pc=0x0000000002537890 sp=0x00000000252ac8c0 mode 1
Event: 35.937 Thread 0x000000001aa6f800 DEOPT PACKING pc=0x000000000363fa04 sp=0x00000000252acbf0
Event: 35.937 Thread 0x000000001aa6f800 DEOPT UNPACKING pc=0x0000000002537890 sp=0x00000000252ac978 mode 1


Dynamic libraries:
0x00007ff6c2970000 - 0x00007ff6c29a7000 	D:\Program Files\feiq\Recv Files\Java\jdk1.8.0_171\bin\java.exe
0x00007ff8e9ca0000 - 0x00007ff8e9e62000 	C:\windows\SYSTEM32\ntdll.dll
0x00007ff8e7d80000 - 0x00007ff8e7e2d000 	C:\windows\system32\KERNEL32.DLL
0x00007ff8e7190000 - 0x00007ff8e736d000 	C:\windows\system32\KERNELBASE.dll
0x00007ff8e98a0000 - 0x00007ff8e9946000 	C:\windows\system32\ADVAPI32.dll
0x00007ff8e76e0000 - 0x00007ff8e777d000 	C:\windows\system32\msvcrt.dll
0x00007ff8e7910000 - 0x00007ff8e796b000 	C:\windows\system32\sechost.dll
0x00007ff8e9730000 - 0x00007ff8e9856000 	C:\windows\system32\RPCRT4.dll
0x00007ff8e7a00000 - 0x00007ff8e7b4e000 	C:\windows\system32\USER32.dll
0x00007ff8e7780000 - 0x00007ff8e7905000 	C:\windows\system32\GDI32.dll
0x00007ff8d9040000 - 0x00007ff8d92b4000 	C:\windows\WinSxS\amd64_microsoft.windows.common-controls_6595b64144ccf1df_6.0.10240.16384_none_f41f7b285750ef43\COMCTL32.dll
0x00007ff8e9860000 - 0x00007ff8e9896000 	C:\windows\system32\IMM32.DLL
0x00007ff8e7450000 - 0x00007ff8e75ac000 	C:\windows\system32\MSCTF.dll
0x0000000075eb0000 - 0x0000000075f82000 	D:\Program Files\feiq\Recv Files\Java\jdk1.8.0_171\jre\bin\msvcr100.dll
0x0000000073700000 - 0x0000000073fa0000 	D:\Program Files\feiq\Recv Files\Java\jdk1.8.0_171\jre\bin\server\jvm.dll
0x00007ff8e7670000 - 0x00007ff8e7678000 	C:\windows\system32\PSAPI.DLL
0x00007ff8e4260000 - 0x00007ff8e4283000 	C:\windows\SYSTEM32\WINMM.dll
0x00007ff8e6470000 - 0x00007ff8e647a000 	C:\windows\SYSTEM32\VERSION.dll
0x00007ff8e4200000 - 0x00007ff8e422c000 	C:\windows\SYSTEM32\WINMMBASE.dll
0x00007ff8e6ab0000 - 0x00007ff8e6af4000 	C:\windows\system32\cfgmgr32.dll
0x00007ff8da970000 - 0x00007ff8da979000 	C:\windows\SYSTEM32\WSOCK32.dll
0x00007ff8e7e90000 - 0x00007ff8e7ef9000 	C:\windows\system32\WS2_32.dll
0x00007ff8e9c90000 - 0x00007ff8e9c98000 	C:\windows\system32\NSI.dll
0x00007ff8e4fc0000 - 0x00007ff8e4fe7000 	C:\windows\SYSTEM32\DEVOBJ.dll
0x0000000075ea0000 - 0x0000000075eaf000 	D:\Program Files\feiq\Recv Files\Java\jdk1.8.0_171\jre\bin\verify.dll
0x0000000075e70000 - 0x0000000075e99000 	D:\Program Files\feiq\Recv Files\Java\jdk1.8.0_171\jre\bin\java.dll
0x0000000075c90000 - 0x0000000075cc5000 	D:\Program Files\feiq\Recv Files\Java\jdk1.8.0_171\jre\bin\jdwp.dll
0x0000000075de0000 - 0x0000000075de8000 	D:\Program Files\feiq\Recv Files\Java\jdk1.8.0_171\jre\bin\npt.dll
0x0000000075e50000 - 0x0000000075e66000 	D:\Program Files\feiq\Recv Files\Java\jdk1.8.0_171\jre\bin\zip.dll
0x00007ff8e8050000 - 0x00007ff8e9573000 	C:\windows\system32\SHELL32.dll
0x00007ff8e6b60000 - 0x00007ff8e7189000 	C:\windows\system32\windows.storage.dll
0x00007ff8e9950000 - 0x00007ff8e9bcc000 	C:\windows\system32\combase.dll
0x00007ff8e7680000 - 0x00007ff8e76d1000 	C:\windows\system32\shlwapi.dll
0x00007ff8e66f0000 - 0x00007ff8e66ff000 	C:\windows\system32\kernel.appcore.dll
0x00007ff8e6820000 - 0x00007ff8e68d3000 	C:\windows\system32\shcore.dll
0x00007ff8e6720000 - 0x00007ff8e676a000 	C:\windows\system32\powrprof.dll
0x00007ff8e6700000 - 0x00007ff8e6713000 	C:\windows\system32\profapi.dll
0x0000000075c80000 - 0x0000000075c89000 	D:\Program Files\feiq\Recv Files\Java\jdk1.8.0_171\jre\bin\dt_socket.dll
0x00007ff8e5ec0000 - 0x00007ff8e5f1d000 	C:\windows\system32\mswsock.dll
0x0000000075e00000 - 0x0000000075e1a000 	D:\Program Files\feiq\Recv Files\Java\jdk1.8.0_171\jre\bin\net.dll
0x00007ff8e4520000 - 0x00007ff8e4558000 	C:\windows\SYSTEM32\IPHLPAPI.DLL
0x00007ff8e4500000 - 0x00007ff8e450b000 	C:\windows\SYSTEM32\WINNSI.DLL
0x00007ff8de090000 - 0x00007ff8de0a6000 	C:\windows\SYSTEM32\dhcpcsvc6.DLL
0x00007ff8de070000 - 0x00007ff8de08a000 	C:\windows\SYSTEM32\dhcpcsvc.DLL
0x0000000075df0000 - 0x0000000075dfd000 	D:\Program Files\feiq\Recv Files\Java\jdk1.8.0_171\jre\bin\management.dll
0x0000000073430000 - 0x0000000073441000 	D:\Program Files\feiq\Recv Files\Java\jdk1.8.0_171\jre\bin\nio.dll
0x00007ff8e5c60000 - 0x00007ff8e5d08000 	C:\windows\SYSTEM32\DNSAPI.dll
0x00007ff8dc5b0000 - 0x00007ff8dc5ba000 	C:\Windows\System32\rasadhlp.dll
0x00007ff8d9470000 - 0x00007ff8d9485000 	C:\windows\system32\napinsp.dll
0x00007ff8d9450000 - 0x00007ff8d946a000 	C:\windows\system32\pnrpnsp.dll
0x00007ff8e3670000 - 0x00007ff8e3688000 	C:\windows\system32\NLAapi.dll
0x00007ff8d9440000 - 0x00007ff8d944d000 	C:\windows\System32\winrnr.dll
0x00007ff8d9420000 - 0x00007ff8d9435000 	C:\windows\system32\wshbth.dll
0x00007ff8dd6f0000 - 0x00007ff8dd758000 	C:\windows\System32\fwpuclnt.dll
0x00007ff8e6190000 - 0x00007ff8e61b8000 	C:\windows\SYSTEM32\bcrypt.dll
0x00007ff8e5f20000 - 0x00007ff8e5f37000 	C:\windows\SYSTEM32\CRYPTSP.dll
0x00007ff8e5b70000 - 0x00007ff8e5ba3000 	C:\windows\system32\rsaenh.dll
0x00007ff8e5d10000 - 0x00007ff8e5d2f000 	C:\windows\SYSTEM32\USERENV.dll
0x00007ff8e64c0000 - 0x00007ff8e652b000 	C:\windows\system32\bcryptprimitives.dll
0x00007ff8e6090000 - 0x00007ff8e609b000 	C:\windows\SYSTEM32\CRYPTBASE.dll

VM Arguments:
jvm_args: -agentlib:jdwp=transport=dt_socket,address=127.0.0.1:62782,suspend=y,server=n -Dfile.encoding=UTF-8 
java_command: com.wiseq.cn.mysqldataservice.MysqldataserviceApplication
java_class_path (initial): D:\Program Files\feiq\Recv Files\Java\jdk1.8.0_171\jre\lib\charsets.jar;D:\Program Files\feiq\Recv Files\Java\jdk1.8.0_171\jre\lib\deploy.jar;D:\Program Files\feiq\Recv Files\Java\jdk1.8.0_171\jre\lib\ext\access-bridge-64.jar;D:\Program Files\feiq\Recv Files\Java\jdk1.8.0_171\jre\lib\ext\cldrdata.jar;D:\Program Files\feiq\Recv Files\Java\jdk1.8.0_171\jre\lib\ext\dnsns.jar;D:\Program Files\feiq\Recv Files\Java\jdk1.8.0_171\jre\lib\ext\jaccess.jar;D:\Program Files\feiq\Recv Files\Java\jdk1.8.0_171\jre\lib\ext\jfxrt.jar;D:\Program Files\feiq\Recv Files\Java\jdk1.8.0_171\jre\lib\ext\localedata.jar;D:\Program Files\feiq\Recv Files\Java\jdk1.8.0_171\jre\lib\ext\nashorn.jar;D:\Program Files\feiq\Recv Files\Java\jdk1.8.0_171\jre\lib\ext\sunec.jar;D:\Program Files\feiq\Recv Files\Java\jdk1.8.0_171\jre\lib\ext\sunjce_provider.jar;D:\Program Files\feiq\Recv Files\Java\jdk1.8.0_171\jre\lib\ext\sunmscapi.jar;D:\Program Files\feiq\Recv Files\Java\jdk1.8.0_171\jre\lib\ext\sunpkcs11.jar;D:\Program Files\feiq\Recv Files\Java\jdk1.8.0_171\jre\lib\ext\zipfs.jar;D:\Program Files\feiq\Recv Files\Java\jdk1.8.0_171\jre\lib\javaws.jar;D:\Program Files\feiq\Recv Files\Java\jdk1.8.0_171\jre\lib\jce.jar;D:\Program Files\feiq\Recv Files\Java\jdk1.8.0_171\jre\lib\jfr.jar;D:\Program Files\feiq\Recv Files\Java\jdk1.8.0_171\jre\lib\jfxswt.jar;D:\Program Files\feiq\Recv Files\Java\jdk1.8.0_171\jre\lib\jsse.jar;D:\Program Files\feiq\Recv Files\Java\jdk1.8.0_171\jre\lib\management-agent.jar;D:\Program Files\feiq\Recv Files\Java\jdk1.8.0_171\jre\lib\plugin.jar;D:\Program Files\feiq\Recv Files\Java\jdk1.8.0_171\jre\lib\resources.jar;D:\Program Files\feiq\Recv Files\Java\jdk1.8.0_171\jre\lib\rt.jar;D:\mls\ykAi\mysqldataservice\target\classes;C:\Users\Administrator\.m2\repository\org\springframework\boot\spring-boot-configuration-processor\2.0.5.RELEASE\spring-boot-configuration-processor-2.0.5.RELEASE.jar;C:\Users\Administrator\.m2\repository\org\springframework\boot\spring-
Launcher Type: SUN_STANDARD

Environment Variables:
JAVA_HOME=D:\Program Files\feiq\Recv Files\Java\jdk1.8.0_171
CLASSPATH=.;D:\Program Files\feiq\Recv Files\Java\jdk1.8.0_171\lib;D:\Program Files\feiq\Recv Files\Java\jdk1.8.0_171\lib\tools.jar
PATH=D:\Program Files\feiq\Recv Files\Java\jdk1.8.0_171\bin;D:\Program Files\feiq\Recv Files\Java\jdk1.8.0_171\jre\bin;C:\windows\system32;C:\windows;C:\windows\System32\Wbem;C:\windows\System32\WindowsPowerShell\v1.0\;D:\Program Files\bin;D:\Program Files\feiq\Recv Files\maven\apache-maven-3.3.9\bin;D:\MySql\mysql-5.7.29-winx64\bin
USERNAME=Administrator
OS=Windows_NT
PROCESSOR_IDENTIFIER=Intel64 Family 6 Model 61 Stepping 4, GenuineIntel



---------------  S Y S T E M  ---------------

OS: Windows 10.0 , 64 bit Build 10240 (10.0.10240.16384)

CPU:total 4 (initial active 4) (2 cores per cpu, 2 threads per core) family 6 model 61 stepping 4, cmov, cx8, fxsr, mmx, sse, sse2, sse3, ssse3, sse4.1, sse4.2, popcnt, avx, avx2, aes, clmul, erms, 3dnowpref, lzcnt, ht, tsc, tscinvbit, bmi1, bmi2, adx

Memory: 4k page, physical 12500528k(3185168k free), swap 14597612k(3456k free)

vm_info: Java HotSpot(TM) 64-Bit Server VM (25.171-b11) for windows-amd64 JRE (1.8.0_171-b11), built on Mar 28 2018 16:06:12 by "java_re" with MS VC++ 10.0 (VS2010)

time: Thu Sep 10 10:04:45 2020
elapsed time: 36 seconds (0d 0h 0m 36s)

